WARNING: You're using the Ruby-based MySQL library that ships with Rails. This library is not suited for production. Please install the C-based MySQL library instead (gem install mysql).
  [4;36;1mSQL (0.047094)[0m   [0;1mSET NAMES 'utf8'[0m
  [4;35;1mSQL (0.000685)[0m   [0mSET SQL_AUTO_IS_NULL=0[0m
  [4;36;1mSQL (0.001218)[0m   [0;1mCREATE DATABASE `address_book_development` DEFAULT CHARACTER SET `utf8` COLLATE `utf8_general_ci`[0m
WARNING: You're using the Ruby-based MySQL library that ships with Rails. This library is not suited for production. Please install the C-based MySQL library instead (gem install mysql).
  [4;36;1mSQL (0.000163)[0m   [0;1mSET NAMES 'utf8'[0m
  [4;35;1mSQL (0.000143)[0m   [0mSET SQL_AUTO_IS_NULL=0[0m
  [4;36;1mSQL (0.031966)[0m   [0;1mSHOW TABLES[0m
  [4;35;1mSQL (0.030257)[0m   [0mCREATE TABLE `schema_migrations` (`version` varchar(255) NOT NULL) ENGINE=InnoDB[0m
  [4;36;1mSQL (0.008078)[0m   [0;1mCREATE UNIQUE INDEX `unique_schema_migrations` ON `schema_migrations` (`version`)[0m
  [4;35;1mSQL (0.000834)[0m   [0mSHOW TABLES[0m
  [4;36;1mSQL (0.000678)[0m   [0;1mSELECT version FROM schema_migrations[0m
Migrating to CreateContacts (20080826060907)
  [4;35;1mSQL (0.000469)[0m   [0mSELECT version FROM schema_migrations[0m
  [4;36;1mSQL (0.002504)[0m   [0;1mCREATE TABLE `contacts` (`id` int(11) DEFAULT NULL auto_increment PRIMARY KEY, `first_name` varchar(255) DEFAULT NULL NULL, `last_name` varchar(255) DEFAULT NULL NULL, `email` varchar(255) DEFAULT NULL NULL, `created_at` datetime DEFAULT NULL NULL, `updated_at` datetime DEFAULT NULL NULL) ENGINE=InnoDB[0m
  [4;35;1mSQL (0.001038)[0m   [0mINSERT INTO schema_migrations (version) VALUES ('20080826060907')[0m
  [4;36;1mSQL (0.000537)[0m   [0;1mSELECT version FROM schema_migrations[0m
  [4;35;1mSQL (0.000828)[0m   [0mSHOW TABLES[0m
  [4;36;1mSQL (0.004089)[0m   [0;1mSHOW FIELDS FROM `contacts`[0m
  [4;35;1mSQL (0.003386)[0m   [0mdescribe `contacts`[0m
  [4;36;1mSQL (0.001353)[0m   [0;1mSHOW KEYS FROM `contacts`[0m
